<?xml version="1.0" encoding="UTF-8"?>
<!-- Generated by org.testng.reporters.JUnitReportReporter -->
<testsuite skipped="0" hostname="aj" name="qaclickacademy.ApiumTest" tests="2" failures="0" timestamp="2020-03-23T19:28:57 IST" time="0.006" errors="0">
  <testcase name="jira" time="0.000" classname="qaclickacademy.ApiumTest"/>
  <system-out/>
  <testcase name="Agile" time="0.006" classname="qaclickacademy.ApiumTest"/>
  <system-out/>
</testsuite> <!-- qaclickacademy.ApiumTest -->
