<?xml version="1.0" encoding="UTF-8"?>
<!-- Generated by org.testng.reporters.JUnitReportReporter -->
<testsuite skipped="0" hostname="aj" name="qaclickacademy.RestApiTest" tests="2" failures="0" timestamp="2020-03-23T19:28:57 IST" time="0.001" errors="0">
  <testcase name="Postman" time="0.000" classname="qaclickacademy.RestApiTest"/>
  <system-out/>
  <testcase name="RestAPI" time="0.001" classname="qaclickacademy.RestApiTest"/>
  <system-out/>
</testsuite> <!-- qaclickacademy.RestApiTest -->
